{"/Users/darrenchiangmbp2024/Desktop/worksapce/pwa/functions/src/index.ts": {"path":"/Users/darrenchiangmbp2024/Desktop/worksapce/pwa/functions/src/index.ts","statementMap":{"0":{"start":{"line":1,"column":0},"end":{"line":1,"column":48}},"1":{"start":{"line":2,"column":0},"end":{"line":2,"column":40}},"2":{"start":{"line":3,"column":0},"end":{"line":3,"column":24}},"3":{"start":{"line":6,"column":0},"end":{"line":6,"column":90}},"4":{"start":{"line":8,"column":0},"end":{"line":10,"column":3}},"5":{"start":{"line":13,"column":20},"end":{"line":13,"column":42}},"6":{"start":{"line":33,"column":2},"end":{"line":35,"column":null}},"7":{"start":{"line":34,"column":4},"end":{"line":34,"column":79}},"8":{"start":{"line":37,"column":18},"end":{"line":37,"column":45}},"9":{"start":{"line":40,"column":2},"end":{"line":42,"column":null}},"10":{"start":{"line":41,"column":4},"end":{"line":41,"column":106}},"11":{"start":{"line":45,"column":2},"end":{"line":55,"column":null}},"12":{"start":{"line":46,"column":4},"end":{"line":48,"column":null}},"13":{"start":{"line":47,"column":6},"end":{"line":47,"column":73}},"14":{"start":{"line":49,"column":4},"end":{"line":51,"column":null}},"15":{"start":{"line":50,"column":6},"end":{"line":50,"column":78}},"16":{"start":{"line":52,"column":4},"end":{"line":54,"column":null}},"17":{"start":{"line":53,"column":6},"end":{"line":53,"column":77}},"18":{"start":{"line":58,"column":2},"end":{"line":67,"column":null}},"19":{"start":{"line":59,"column":4},"end":{"line":61,"column":null}},"20":{"start":{"line":60,"column":6},"end":{"line":60,"column":93}},"21":{"start":{"line":62,"column":4},"end":{"line":66,"column":null}},"22":{"start":{"line":63,"column":6},"end":{"line":65,"column":null}},"23":{"start":{"line":64,"column":8},"end":{"line":64,"column":119}},"24":{"start":{"line":70,"column":2},"end":{"line":74,"column":null}},"25":{"start":{"line":71,"column":4},"end":{"line":73,"column":null}},"26":{"start":{"line":72,"column":6},"end":{"line":72,"column":73}},"27":{"start":{"line":76,"column":2},"end":{"line":76,"column":34}},"28":{"start":{"line":79,"column":13},"end":{"line":158,"column":3}},"29":{"start":{"line":80,"column":2},"end":{"line":157,"column":5}},"30":{"start":{"line":82,"column":4},"end":{"line":88,"column":null}},"31":{"start":{"line":83,"column":6},"end":{"line":86,"column":9}},"32":{"start":{"line":87,"column":6},"end":{"line":87,"column":13}},"33":{"start":{"line":91,"column":23},"end":{"line":91,"column":48}},"34":{"start":{"line":92,"column":4},"end":{"line":99,"column":null}},"35":{"start":{"line":93,"column":6},"end":{"line":97,"column":9}},"36":{"start":{"line":98,"column":6},"end":{"line":98,"column":13}},"37":{"start":{"line":101,"column":20},"end":{"line":101,"column":39}},"38":{"start":{"line":104,"column":45},"end":{"line":106,"column":6}},"39":{"start":{"line":109,"column":4},"end":{"line":120,"column":null}},"40":{"start":{"line":110,"column":6},"end":{"line":110,"column":32}},"41":{"start":{"line":111,"column":6},"end":{"line":113,"column":null}},"42":{"start":{"line":112,"column":8},"end":{"line":112,"column":64}},"43":{"start":{"line":114,"column":6},"end":{"line":116,"column":null}},"44":{"start":{"line":115,"column":8},"end":{"line":115,"column":62}},"45":{"start":{"line":117,"column":6},"end":{"line":119,"column":null}},"46":{"start":{"line":118,"column":8},"end":{"line":118,"column":70}},"47":{"start":{"line":123,"column":4},"end":{"line":125,"column":null}},"48":{"start":{"line":124,"column":6},"end":{"line":124,"column":34}},"49":{"start":{"line":128,"column":4},"end":{"line":138,"column":null}},"50":{"start":{"line":129,"column":6},"end":{"line":131,"column":null}},"51":{"start":{"line":130,"column":8},"end":{"line":130,"column":55}},"52":{"start":{"line":132,"column":6},"end":{"line":134,"column":null}},"53":{"start":{"line":133,"column":8},"end":{"line":133,"column":55}},"54":{"start":{"line":135,"column":6},"end":{"line":137,"column":null}},"55":{"start":{"line":136,"column":8},"end":{"line":136,"column":49}},"56":{"start":{"line":140,"column":4},"end":{"line":156,"column":null}},"57":{"start":{"line":141,"column":23},"end":{"line":141,"column":60}},"58":{"start":{"line":142,"column":6},"end":{"line":142,"column":60}},"59":{"start":{"line":143,"column":6},"end":{"line":147,"column":9}},"60":{"start":{"line":149,"column":6},"end":{"line":149,"column":55}},"61":{"start":{"line":150,"column":27},"end":{"line":150,"column":83}},"62":{"start":{"line":151,"column":6},"end":{"line":155,"column":9}}},"fnMap":{"0":{"name":"validatePayload","decl":{"start":{"line":32,"column":9},"end":{"line":32,"column":24}},"loc":{"start":{"line":32,"column":38},"end":{"line":77,"column":1}}},"1":{"name":"(anonymous_8)","decl":{"start":{"line":79,"column":62},"end":{"line":79,"column":63}},"loc":{"start":{"line":79,"column":75},"end":{"line":158,"column":1}}},"2":{"name":"(anonymous_9)","decl":{"start":{"line":80,"column":24},"end":{"line":80,"column":29}},"loc":{"start":{"line":80,"column":35},"end":{"line":157,"column":3}}}},"branchMap":{"0":{"loc":{"start":{"line":33,"column":2},"end":{"line":35,"column":null}},"type":"if","locations":[{"start":{"line":33,"column":2},"end":{"line":35,"column":null}},{"start":{},"end":{}}]},"1":{"loc":{"start":{"line":33,"column":6},"end":{"line":33,"column":39}},"type":"binary-expr","locations":[{"start":{"line":33,"column":6},"end":{"line":33,"column":11}},{"start":{"line":33,"column":15},"end":{"line":33,"column":39}}]},"2":{"loc":{"start":{"line":40,"column":2},"end":{"line":42,"column":null}},"type":"if","locations":[{"start":{"line":40,"column":2},"end":{"line":42,"column":null}},{"start":{},"end":{}}]},"3":{"loc":{"start":{"line":40,"column":6},"end":{"line":40,"column":88}},"type":"binary-expr","locations":[{"start":{"line":40,"column":6},"end":{"line":40,"column":20}},{"start":{"line":40,"column":24},"end":{"line":40,"column":57}},{"start":{"line":40,"column":61},"end":{"line":40,"column":88}}]},"4":{"loc":{"start":{"line":45,"column":2},"end":{"line":55,"column":null}},"type":"if","locations":[{"start":{"line":45,"column":2},"end":{"line":55,"column":null}},{"start":{},"end":{}}]},"5":{"loc":{"start":{"line":46,"column":4},"end":{"line":48,"column":null}},"type":"if","locations":[{"start":{"line":46,"column":4},"end":{"line":48,"column":null}},{"start":{},"end":{}}]},"6":{"loc":{"start":{"line":49,"column":4},"end":{"line":51,"column":null}},"type":"if","locations":[{"start":{"line":49,"column":4},"end":{"line":51,"column":null}},{"start":{},"end":{}}]},"7":{"loc":{"start":{"line":49,"column":8},"end":{"line":49,"column":98}},"type":"binary-expr","locations":[{"start":{"line":49,"column":8},"end":{"line":49,"column":48}},{"start":{"line":49,"column":52},"end":{"line":49,"column":98}}]},"8":{"loc":{"start":{"line":52,"column":4},"end":{"line":54,"column":null}},"type":"if","locations":[{"start":{"line":52,"column":4},"end":{"line":54,"column":null}},{"start":{},"end":{}}]},"9":{"loc":{"start":{"line":52,"column":8},"end":{"line":52,"column":96}},"type":"binary-expr","locations":[{"start":{"line":52,"column":8},"end":{"line":52,"column":47}},{"start":{"line":52,"column":51},"end":{"line":52,"column":96}}]},"10":{"loc":{"start":{"line":58,"column":2},"end":{"line":67,"column":null}},"type":"if","locations":[{"start":{"line":58,"column":2},"end":{"line":67,"column":null}},{"start":{},"end":{}}]},"11":{"loc":{"start":{"line":59,"column":4},"end":{"line":61,"column":null}},"type":"if","locations":[{"start":{"line":59,"column":4},"end":{"line":61,"column":null}},{"start":{},"end":{}}]},"12":{"loc":{"start":{"line":59,"column":8},"end":{"line":59,"column":71}},"type":"binary-expr","locations":[{"start":{"line":59,"column":8},"end":{"line":59,"column":40}},{"start":{"line":59,"column":44},"end":{"line":59,"column":71}}]},"13":{"loc":{"start":{"line":63,"column":6},"end":{"line":65,"column":null}},"type":"if","locations":[{"start":{"line":63,"column":6},"end":{"line":65,"column":null}},{"start":{},"end":{}}]},"14":{"loc":{"start":{"line":70,"column":2},"end":{"line":74,"column":null}},"type":"if","locations":[{"start":{"line":70,"column":2},"end":{"line":74,"column":null}},{"start":{},"end":{}}]},"15":{"loc":{"start":{"line":71,"column":4},"end":{"line":73,"column":null}},"type":"if","locations":[{"start":{"line":71,"column":4},"end":{"line":73,"column":null}},{"start":{},"end":{}}]},"16":{"loc":{"start":{"line":82,"column":4},"end":{"line":88,"column":null}},"type":"if","locations":[{"start":{"line":82,"column":4},"end":{"line":88,"column":null}},{"start":{},"end":{}}]},"17":{"loc":{"start":{"line":92,"column":4},"end":{"line":99,"column":null}},"type":"if","locations":[{"start":{"line":92,"column":4},"end":{"line":99,"column":null}},{"start":{},"end":{}}]},"18":{"loc":{"start":{"line":109,"column":4},"end":{"line":120,"column":null}},"type":"if","locations":[{"start":{"line":109,"column":4},"end":{"line":120,"column":null}},{"start":{},"end":{}}]},"19":{"loc":{"start":{"line":111,"column":6},"end":{"line":113,"column":null}},"type":"if","locations":[{"start":{"line":111,"column":6},"end":{"line":113,"column":null}},{"start":{},"end":{}}]},"20":{"loc":{"start":{"line":114,"column":6},"end":{"line":116,"column":null}},"type":"if","locations":[{"start":{"line":114,"column":6},"end":{"line":116,"column":null}},{"start":{},"end":{}}]},"21":{"loc":{"start":{"line":117,"column":6},"end":{"line":119,"column":null}},"type":"if","locations":[{"start":{"line":117,"column":6},"end":{"line":119,"column":null}},{"start":{},"end":{}}]},"22":{"loc":{"start":{"line":123,"column":4},"end":{"line":125,"column":null}},"type":"if","locations":[{"start":{"line":123,"column":4},"end":{"line":125,"column":null}},{"start":{},"end":{}}]},"23":{"loc":{"start":{"line":123,"column":8},"end":{"line":123,"column":60}},"type":"binary-expr","locations":[{"start":{"line":123,"column":8},"end":{"line":123,"column":20}},{"start":{"line":123,"column":24},"end":{"line":123,"column":60}}]},"24":{"loc":{"start":{"line":128,"column":4},"end":{"line":138,"column":null}},"type":"if","locations":[{"start":{"line":128,"column":4},"end":{"line":138,"column":null}},{"start":{},"end":{}}]},"25":{"loc":{"start":{"line":129,"column":6},"end":{"line":131,"column":null}},"type":"if","locations":[{"start":{"line":129,"column":6},"end":{"line":131,"column":null}},{"start":{},"end":{}}]},"26":{"loc":{"start":{"line":132,"column":6},"end":{"line":134,"column":null}},"type":"if","locations":[{"start":{"line":132,"column":6},"end":{"line":134,"column":null}},{"start":{},"end":{}}]},"27":{"loc":{"start":{"line":135,"column":6},"end":{"line":137,"column":null}},"type":"if","locations":[{"start":{"line":135,"column":6},"end":{"line":137,"column":null}},{"start":{},"end":{}}]},"28":{"loc":{"start":{"line":150,"column":27},"end":{"line":150,"column":83}},"type":"cond-expr","locations":[{"start":{"line":150,"column":52},"end":{"line":150,"column":65}},{"start":{"line":150,"column":68},"end":{"line":150,"column":83}}]}},"s":{"0":1,"1":1,"2":1,"3":1,"4":1,"5":1,"6":7,"7":0,"8":7,"9":7,"10":2,"11":5,"12":3,"13":0,"14":3,"15":0,"16":3,"17":0,"18":5,"19":2,"20":0,"21":2,"22":4,"23":1,"24":4,"25":1,"26":0,"27":4,"28":1,"29":9,"30":8,"31":1,"32":1,"33":7,"34":7,"35":3,"36":3,"37":4,"38":4,"39":4,"40":3,"41":3,"42":3,"43":3,"44":3,"45":3,"46":0,"47":4,"48":1,"49":4,"50":1,"51":1,"52":1,"53":0,"54":1,"55":0,"56":4,"57":4,"58":3,"59":3,"60":1,"61":1,"62":1},"f":{"0":7,"1":9,"2":8},"b":{"0":[0,7],"1":[7,7],"2":[2,5],"3":[7,6,5],"4":[3,2],"5":[0,3],"6":[0,3],"7":[3,3],"8":[0,3],"9":[3,3],"10":[2,3],"11":[0,2],"12":[2,2],"13":[1,3],"14":[1,3],"15":[0,1],"16":[1,7],"17":[3,4],"18":[3,1],"19":[3,0],"20":[3,0],"21":[0,3],"22":[1,3],"23":[4,1],"24":[1,3],"25":[1,0],"26":[0,1],"27":[0,1],"28":[1,0]}}
}
