TN:
SF:src/index.ts
FN:32,validatePayload
FN:79,(anonymous_8)
FN:80,(anonymous_9)
FNF:3
FNH:3
FNDA:7,validatePayload
FNDA:9,(anonymous_8)
FNDA:8,(anonymous_9)
DA:1,1
DA:2,1
DA:3,1
DA:6,1
DA:8,1
DA:13,1
DA:33,7
DA:34,0
DA:37,7
DA:40,7
DA:41,2
DA:45,5
DA:46,3
DA:47,0
DA:49,3
DA:50,0
DA:52,3
DA:53,0
DA:58,5
DA:59,2
DA:60,0
DA:62,2
DA:63,4
DA:64,1
DA:70,4
DA:71,1
DA:72,0
DA:76,4
DA:79,1
DA:80,9
DA:82,8
DA:83,1
DA:87,1
DA:91,7
DA:92,7
DA:93,3
DA:98,3
DA:101,4
DA:104,4
DA:109,4
DA:110,3
DA:111,3
DA:112,3
DA:114,3
DA:115,3
DA:117,3
DA:118,0
DA:123,4
DA:124,1
DA:128,4
DA:129,1
DA:130,1
DA:132,1
DA:133,0
DA:135,1
DA:136,0
DA:140,4
DA:141,4
DA:142,3
DA:143,3
DA:149,1
DA:150,1
DA:151,1
LF:63
LH:54
BRDA:33,0,0,0
BRDA:33,0,1,7
BRDA:33,1,0,7
BRDA:33,1,1,7
BRDA:40,2,0,2
BRDA:40,2,1,5
BRDA:40,3,0,7
BRDA:40,3,1,6
BRDA:40,3,2,5
BRDA:45,4,0,3
BRDA:45,4,1,2
BRDA:46,5,0,0
BRDA:46,5,1,3
BRDA:49,6,0,0
BRDA:49,6,1,3
BRDA:49,7,0,3
BRDA:49,7,1,3
BRDA:52,8,0,0
BRDA:52,8,1,3
BRDA:52,9,0,3
BRDA:52,9,1,3
BRDA:58,10,0,2
BRDA:58,10,1,3
BRDA:59,11,0,0
BRDA:59,11,1,2
BRDA:59,12,0,2
BRDA:59,12,1,2
BRDA:63,13,0,1
BRDA:63,13,1,3
BRDA:70,14,0,1
BRDA:70,14,1,3
BRDA:71,15,0,0
BRDA:71,15,1,1
BRDA:82,16,0,1
BRDA:82,16,1,7
BRDA:92,17,0,3
BRDA:92,17,1,4
BRDA:109,18,0,3
BRDA:109,18,1,1
BRDA:111,19,0,3
BRDA:111,19,1,0
BRDA:114,20,0,3
BRDA:114,20,1,0
BRDA:117,21,0,0
BRDA:117,21,1,3
BRDA:123,22,0,1
BRDA:123,22,1,3
BRDA:123,23,0,4
BRDA:123,23,1,1
BRDA:128,24,0,1
BRDA:128,24,1,3
BRDA:129,25,0,1
BRDA:129,25,1,0
BRDA:132,26,0,0
BRDA:132,26,1,1
BRDA:135,27,0,0
BRDA:135,27,1,1
BRDA:150,28,0,1
BRDA:150,28,1,0
BRF:59
BRH:46
end_of_record
